----------------------------------------------------------------
2010-01-26 18:53:32.735 GMT:
 Booting Derby version The Apache Software Foundation - Apache Derby - 10.4.2.0 - (689064): instance a816c00e-0126-6bfb-3ce3-0000043d3dd0
on database directory /Users/Tii/openbravopos-database  

Database Class Loader started - derby.database.classpath=''
java.sql.SQLException: Another instance of Derby may have already booted the database C:\Users\turkharmini\openbravopos-database.
	at org.apache.derby.impl.jdbc.SQLExceptionFactory40.getSQLException(Unknown Source)
	at org.apache.derby.impl.jdbc.Util.generateCsSQLException(Unknown Source)
	at org.apache.derby.impl.jdbc.EmbedConnection.bootDatabase(Unknown Source)
	at org.apache.derby.impl.jdbc.EmbedConnection.<init>(Unknown Source)
	at org.apache.derby.impl.jdbc.EmbedConnection30.<init>(Unknown Source)
	at org.apache.derby.impl.jdbc.EmbedConnection40.<init>(Unknown Source)
	at org.apache.derby.jdbc.Driver40.getNewEmbedConnection(Unknown Source)
	at org.apache.derby.jdbc.InternalDriver.connect(Unknown Source)
	at org.apache.derby.jdbc.AutoloadedDriver.connect(Unknown Source)
	at java.sql.DriverManager.getConnection(DriverManager.java:582)
	at java.sql.DriverManager.getConnection(DriverManager.java:185)
	at com.openbravo.data.loader.Session.connect(Session.java:63)
	at com.openbravo.data.loader.Session.<init>(Session.java:52)
	at com.openbravo.pos.forms.AppViewConnection.createSession(AppViewConnection.java:63)
	at com.openbravo.pos.forms.JRootApp.initApp(JRootApp.java:105)
	at com.openbravo.pos.forms.JRootFrame.initFrame(JRootFrame.java:55)
	at com.openbravo.pos.forms.StartPOS$1.run(StartPOS.java:107)
	at java.awt.event.InvocationEvent.dispatch(InvocationEvent.java:209)
	at java.awt.EventQueue.dispatchEvent(EventQueue.java:597)
	at java.awt.EventDispatchThread.pumpOneEventForFilters(EventDispatchThread.java:273)
	at java.awt.EventDispatchThread.pumpEventsForFilter(EventDispatchThread.java:183)
	at java.awt.EventDispatchThread.pumpEventsForHierarchy(EventDispatchThread.java:173)
	at java.awt.EventDispatchThread.pumpEvents(EventDispatchThread.java:168)
	at java.awt.EventDispatchThread.pumpEvents(EventDispatchThread.java:160)
	at java.awt.EventDispatchThread.run(EventDispatchThread.java:121)
Caused by: java.sql.SQLException: Another instance of Derby may have already booted the database C:\Users\turkharmini\openbravopos-database.
	at org.apache.derby.impl.jdbc.SQLExceptionFactory.getSQLException(Unknown Source)
	at org.apache.derby.impl.jdbc.SQLExceptionFactory40.wrapArgsForTransportAcrossDRDA(Unknown Source)
	... 25 more
Caused by: ERROR XSDB6: Another instance of Derby may have already booted the database C:\Users\turkharmini\openbravopos-database.
	at org.apache.derby.iapi.error.StandardException.newException(Unknown Source)
	at org.apache.derby.impl.store.raw.data.BaseDataFileFactory.privGetJBMSLockOnDB(Unknown Source)
	at org.apache.derby.impl.store.raw.data.BaseDataFileFactory.run(Unknown Source)
	at java.security.AccessController.doPrivileged(Native Method)
	at org.apache.derby.impl.store.raw.data.BaseDataFileFactory.getJBMSLockOnDB(Unknown Source)
	at org.apache.derby.impl.store.raw.data.BaseDataFileFactory.boot(Unknown Source)
	at org.apache.derby.impl.services.monitor.BaseMonitor.boot(Unknown Source)
	at org.apache.derby.impl.services.monitor.TopService.bootModule(Unknown Source)
	at org.apache.derby.impl.services.monitor.BaseMonitor.startModule(Unknown Source)
	at org.apache.derby.iapi.services.monitor.Monitor.bootServiceModule(Unknown Source)
	at org.apache.derby.impl.store.raw.RawStore.boot(Unknown Source)
	at org.apache.derby.impl.services.monitor.BaseMonitor.boot(Unknown Source)
	at org.apache.derby.impl.services.monitor.TopService.bootModule(Unknown Source)
	at org.apache.derby.impl.services.monitor.BaseMonitor.startModule(Unknown Source)
	at org.apache.derby.iapi.services.monitor.Monitor.bootServiceModule(Unknown Source)
	at org.apache.derby.impl.store.access.RAMAccessManager.boot(Unknown Source)
	at org.apache.derby.impl.services.monitor.BaseMonitor.boot(Unknown Source)
	at org.apache.derby.impl.services.monitor.TopService.bootModule(Unknown Source)
	at org.apache.derby.impl.services.monitor.BaseMonitor.startModule(Unknown Source)
	at org.apache.derby.iapi.services.monitor.Monitor.bootServiceModule(Unknown Source)
	at org.apache.derby.impl.db.BasicDatabase.bootStore(Unknown Source)
	at org.apache.derby.impl.db.BasicDatabase.boot(Unknown Source)
	at org.apache.derby.impl.services.monitor.BaseMonitor.boot(Unknown Source)
	at org.apache.derby.impl.services.monitor.TopService.bootModule(Unknown Source)
	at org.apache.derby.impl.services.monitor.BaseMonitor.bootService(Unknown Source)
	at org.apache.derby.impl.services.monitor.BaseMonitor.startProviderService(Unknown Source)
	at org.apache.derby.impl.services.monitor.BaseMonitor.findProviderAndStartService(Unknown Source)
	at org.apache.derby.impl.services.monitor.BaseMonitor.startPersistentService(Unknown Source)
	at org.apache.derby.iapi.services.monitor.Monitor.startPersistentService(Unknown Source)
	... 23 more
============= end nested exception, level (1) ====

java.sql.SQLException: Another instance of Derby may have already booted the database C:\Users\turkharmini\openbravopos-database.
	at org.apache.derby.impl.jdbc.SQLExceptionFactory.getSQLException(Unknown Source)
	at org.apache.derby.impl.jdbc.SQLExceptionFactory40.wrapArgsForTransportAcrossDRDA(Unknown Source)
	at org.apache.derby.impl.jdbc.SQLExceptionFactory40.getSQLException(Unknown Source)
	at org.apache.derby.impl.jdbc.Util.generateCsSQLException(Unknown Source)
	at org.apache.derby.impl.jdbc.EmbedConnection.bootDatabase(Unknown Source)
	at org.apache.derby.impl.jdbc.EmbedConnection.<init>(Unknown Source)
	at org.apache.derby.impl.jdbc.EmbedConnection30.<init>(Unknown Source)
	at org.apache.derby.impl.jdbc.EmbedConnection40.<init>(Unknown Source)
	at org.apache.derby.jdbc.Driver40.getNewEmbedConnection(Unknown Source)
	at org.apache.derby.jdbc.InternalDriver.connect(Unknown Source)
	at org.apache.derby.jdbc.AutoloadedDriver.connect(Unknown Source)
	at java.sql.DriverManager.getConnection(DriverManager.java:582)
	at java.sql.DriverManager.getConnection(DriverManager.java:185)
	at com.openbravo.data.loader.Session.connect(Session.java:63)
	at com.openbravo.data.loader.Session.<init>(Session.java:52)
	at com.openbravo.pos.forms.AppViewConnection.createSession(AppViewConnection.java:63)
	at com.openbravo.pos.forms.JRootApp.initApp(JRootApp.java:105)
	at com.openbravo.pos.forms.JRootFrame.initFrame(JRootFrame.java:55)
	at com.openbravo.pos.forms.StartPOS$1.run(StartPOS.java:107)
	at java.awt.event.InvocationEvent.dispatch(InvocationEvent.java:209)
	at java.awt.EventQueue.dispatchEvent(EventQueue.java:597)
	at java.awt.EventDispatchThread.pumpOneEventForFilters(EventDispatchThread.java:273)
	at java.awt.EventDispatchThread.pumpEventsForFilter(EventDispatchThread.java:183)
	at java.awt.EventDispatchThread.pumpEventsForHierarchy(EventDispatchThread.java:173)
	at java.awt.EventDispatchThread.pumpEvents(EventDispatchThread.java:168)
	at java.awt.EventDispatchThread.pumpEvents(EventDispatchThread.java:160)
	at java.awt.EventDispatchThread.run(EventDispatchThread.java:121)
Caused by: ERROR XSDB6: Another instance of Derby may have already booted the database C:\Users\turkharmini\openbravopos-database.
	at org.apache.derby.iapi.error.StandardException.newException(Unknown Source)
	at org.apache.derby.impl.store.raw.data.BaseDataFileFactory.privGetJBMSLockOnDB(Unknown Source)
	at org.apache.derby.impl.store.raw.data.BaseDataFileFactory.run(Unknown Source)
	at java.security.AccessController.doPrivileged(Native Method)
	at org.apache.derby.impl.store.raw.data.BaseDataFileFactory.getJBMSLockOnDB(Unknown Source)
	at org.apache.derby.impl.store.raw.data.BaseDataFileFactory.boot(Unknown Source)
	at org.apache.derby.impl.services.monitor.BaseMonitor.boot(Unknown Source)
	at org.apache.derby.impl.services.monitor.TopService.bootModule(Unknown Source)
	at org.apache.derby.impl.services.monitor.BaseMonitor.startModule(Unknown Source)
	at org.apache.derby.iapi.services.monitor.Monitor.bootServiceModule(Unknown Source)
	at org.apache.derby.impl.store.raw.RawStore.boot(Unknown Source)
	at org.apache.derby.impl.services.monitor.BaseMonitor.boot(Unknown Source)
	at org.apache.derby.impl.services.monitor.TopService.bootModule(Unknown Source)
	at org.apache.derby.impl.services.monitor.BaseMonitor.startModule(Unknown Source)
	at org.apache.derby.iapi.services.monitor.Monitor.bootServiceModule(Unknown Source)
	at org.apache.derby.impl.store.access.RAMAccessManager.boot(Unknown Source)
	at org.apache.derby.impl.services.monitor.BaseMonitor.boot(Unknown Source)
	at org.apache.derby.impl.services.monitor.TopService.bootModule(Unknown Source)
	at org.apache.derby.impl.services.monitor.BaseMonitor.startModule(Unknown Source)
	at org.apache.derby.iapi.services.monitor.Monitor.bootServiceModule(Unknown Source)
	at org.apache.derby.impl.db.BasicDatabase.bootStore(Unknown Source)
	at org.apache.derby.impl.db.BasicDatabase.boot(Unknown Source)
	at org.apache.derby.impl.services.monitor.BaseMonitor.boot(Unknown Source)
	at org.apache.derby.impl.services.monitor.TopService.bootModule(Unknown Source)
	at org.apache.derby.impl.services.monitor.BaseMonitor.bootService(Unknown Source)
	at org.apache.derby.impl.services.monitor.BaseMonitor.startProviderService(Unknown Source)
	at org.apache.derby.impl.services.monitor.BaseMonitor.findProviderAndStartService(Unknown Source)
	at org.apache.derby.impl.services.monitor.BaseMonitor.startPersistentService(Unknown Source)
	at org.apache.derby.iapi.services.monitor.Monitor.startPersistentService(Unknown Source)
	... 23 more
============= end nested exception, level (2) ====

ERROR XSDB6: Another instance of Derby may have already booted the database C:\Users\turkharmini\openbravopos-database.
	at org.apache.derby.iapi.error.StandardException.newException(Unknown Source)
	at org.apache.derby.impl.store.raw.data.BaseDataFileFactory.privGetJBMSLockOnDB(Unknown Source)
	at org.apache.derby.impl.store.raw.data.BaseDataFileFactory.run(Unknown Source)
	at java.security.AccessController.doPrivileged(Native Method)
	at org.apache.derby.impl.store.raw.data.BaseDataFileFactory.getJBMSLockOnDB(Unknown Source)
	at org.apache.derby.impl.store.raw.data.BaseDataFileFactory.boot(Unknown Source)
	at org.apache.derby.impl.services.monitor.BaseMonitor.boot(Unknown Source)
	at org.apache.derby.impl.services.monitor.TopService.bootModule(Unknown Source)
	at org.apache.derby.impl.services.monitor.BaseMonitor.startModule(Unknown Source)
	at org.apache.derby.iapi.services.monitor.Monitor.bootServiceModule(Unknown Source)
	at org.apache.derby.impl.store.raw.RawStore.boot(Unknown Source)
	at org.apache.derby.impl.services.monitor.BaseMonitor.boot(Unknown Source)
	at org.apache.derby.impl.services.monitor.TopService.bootModule(Unknown Source)
	at org.apache.derby.impl.services.monitor.BaseMonitor.startModule(Unknown Source)
	at org.apache.derby.iapi.services.monitor.Monitor.bootServiceModule(Unknown Source)
	at org.apache.derby.impl.store.access.RAMAccessManager.boot(Unknown Source)
	at org.apache.derby.impl.services.monitor.BaseMonitor.boot(Unknown Source)
	at org.apache.derby.impl.services.monitor.TopService.bootModule(Unknown Source)
	at org.apache.derby.impl.services.monitor.BaseMonitor.startModule(Unknown Source)
	at org.apache.derby.iapi.services.monitor.Monitor.bootServiceModule(Unknown Source)
	at org.apache.derby.impl.db.BasicDatabase.bootStore(Unknown Source)
	at org.apache.derby.impl.db.BasicDatabase.boot(Unknown Source)
	at org.apache.derby.impl.services.monitor.BaseMonitor.boot(Unknown Source)
	at org.apache.derby.impl.services.monitor.TopService.bootModule(Unknown Source)
	at org.apache.derby.impl.services.monitor.BaseMonitor.bootService(Unknown Source)
	at org.apache.derby.impl.services.monitor.BaseMonitor.startProviderService(Unknown Source)
	at org.apache.derby.impl.services.monitor.BaseMonitor.findProviderAndStartService(Unknown Source)
	at org.apache.derby.impl.services.monitor.BaseMonitor.startPersistentService(Unknown Source)
	at org.apache.derby.iapi.services.monitor.Monitor.startPersistentService(Unknown Source)
	at org.apache.derby.impl.jdbc.EmbedConnection.bootDatabase(Unknown Source)
	at org.apache.derby.impl.jdbc.EmbedConnection.<init>(Unknown Source)
	at org.apache.derby.impl.jdbc.EmbedConnection30.<init>(Unknown Source)
	at org.apache.derby.impl.jdbc.EmbedConnection40.<init>(Unknown Source)
	at org.apache.derby.jdbc.Driver40.getNewEmbedConnection(Unknown Source)
	at org.apache.derby.jdbc.InternalDriver.connect(Unknown Source)
	at org.apache.derby.jdbc.AutoloadedDriver.connect(Unknown Source)
	at java.sql.DriverManager.getConnection(DriverManager.java:582)
	at java.sql.DriverManager.getConnection(DriverManager.java:185)
	at com.openbravo.data.loader.Session.connect(Session.java:63)
	at com.openbravo.data.loader.Session.<init>(Session.java:52)
	at com.openbravo.pos.forms.AppViewConnection.createSession(AppViewConnection.java:63)
	at com.openbravo.pos.forms.JRootApp.initApp(JRootApp.java:105)
	at com.openbravo.pos.forms.JRootFrame.initFrame(JRootFrame.java:55)
	at com.openbravo.pos.forms.StartPOS$1.run(StartPOS.java:107)
	at java.awt.event.InvocationEvent.dispatch(InvocationEvent.java:209)
	at java.awt.EventQueue.dispatchEvent(EventQueue.java:597)
	at java.awt.EventDispatchThread.pumpOneEventForFilters(EventDispatchThread.java:273)
	at java.awt.EventDispatchThread.pumpEventsForFilter(EventDispatchThread.java:183)
	at java.awt.EventDispatchThread.pumpEventsForHierarchy(EventDispatchThread.java:173)
	at java.awt.EventDispatchThread.pumpEvents(EventDispatchThread.java:168)
	at java.awt.EventDispatchThread.pumpEvents(EventDispatchThread.java:160)
	at java.awt.EventDispatchThread.run(EventDispatchThread.java:121)
============= end nested exception, level (3) ====

java.sql.SQLException: Another instance of Derby may have already booted the database C:\Users\turkharmini\openbravopos-database.
	at org.apache.derby.impl.jdbc.SQLExceptionFactory40.getSQLException(Unknown Source)
	at org.apache.derby.impl.jdbc.Util.generateCsSQLException(Unknown Source)
	at org.apache.derby.impl.jdbc.EmbedConnection.bootDatabase(Unknown Source)
	at org.apache.derby.impl.jdbc.EmbedConnection.<init>(Unknown Source)
	at org.apache.derby.impl.jdbc.EmbedConnection30.<init>(Unknown Source)
	at org.apache.derby.impl.jdbc.EmbedConnection40.<init>(Unknown Source)
	at org.apache.derby.jdbc.Driver40.getNewEmbedConnection(Unknown Source)
	at org.apache.derby.jdbc.InternalDriver.connect(Unknown Source)
	at org.apache.derby.jdbc.EmbeddedDriver.connect(Unknown Source)
	at com.openbravo.pos.forms.DriverWrapper.connect(DriverWrapper.java:43)
	at java.sql.DriverManager.getConnection(DriverManager.java:582)
	at java.sql.DriverManager.getConnection(DriverManager.java:185)
	at com.openbravo.data.loader.Session.connect(Session.java:63)
	at com.openbravo.data.loader.Session.<init>(Session.java:52)
	at com.openbravo.pos.forms.AppViewConnection.createSession(AppViewConnection.java:63)
	at com.openbravo.pos.forms.JRootApp.initApp(JRootApp.java:105)
	at com.openbravo.pos.forms.JRootFrame.initFrame(JRootFrame.java:55)
	at com.openbravo.pos.forms.StartPOS$1.run(StartPOS.java:107)
	at java.awt.event.InvocationEvent.dispatch(InvocationEvent.java:209)
	at java.awt.EventQueue.dispatchEvent(EventQueue.java:597)
	at java.awt.EventDispatchThread.pumpOneEventForFilters(EventDispatchThread.java:273)
	at java.awt.EventDispatchThread.pumpEventsForFilter(EventDispatchThread.java:183)
	at java.awt.EventDispatchThread.pumpEventsForHierarchy(EventDispatchThread.java:173)
	at java.awt.EventDispatchThread.pumpEvents(EventDispatchThread.java:168)
	at java.awt.EventDispatchThread.pumpEvents(EventDispatchThread.java:160)
	at java.awt.EventDispatchThread.run(EventDispatchThread.java:121)
Caused by: java.sql.SQLException: Another instance of Derby may have already booted the database C:\Users\turkharmini\openbravopos-database.
	at org.apache.derby.impl.jdbc.SQLExceptionFactory.getSQLException(Unknown Source)
	at org.apache.derby.impl.jdbc.SQLExceptionFactory40.wrapArgsForTransportAcrossDRDA(Unknown Source)
	... 26 more
Caused by: ERROR XSDB6: Another instance of Derby may have already booted the database C:\Users\turkharmini\openbravopos-database.
	at org.apache.derby.iapi.error.StandardException.newException(Unknown Source)
	at org.apache.derby.impl.store.raw.data.BaseDataFileFactory.privGetJBMSLockOnDB(Unknown Source)
	at org.apache.derby.impl.store.raw.data.BaseDataFileFactory.run(Unknown Source)
	at java.security.AccessController.doPrivileged(Native Method)
	at org.apache.derby.impl.store.raw.data.BaseDataFileFactory.getJBMSLockOnDB(Unknown Source)
	at org.apache.derby.impl.store.raw.data.BaseDataFileFactory.boot(Unknown Source)
	at org.apache.derby.impl.services.monitor.BaseMonitor.boot(Unknown Source)
	at org.apache.derby.impl.services.monitor.TopService.bootModule(Unknown Source)
	at org.apache.derby.impl.services.monitor.BaseMonitor.startModule(Unknown Source)
	at org.apache.derby.iapi.services.monitor.Monitor.bootServiceModule(Unknown Source)
	at org.apache.derby.impl.store.raw.RawStore.boot(Unknown Source)
	at org.apache.derby.impl.services.monitor.BaseMonitor.boot(Unknown Source)
	at org.apache.derby.impl.services.monitor.TopService.bootModule(Unknown Source)
	at org.apache.derby.impl.services.monitor.BaseMonitor.startModule(Unknown Source)
	at org.apache.derby.iapi.services.monitor.Monitor.bootServiceModule(Unknown Source)
	at org.apache.derby.impl.store.access.RAMAccessManager.boot(Unknown Source)
	at org.apache.derby.impl.services.monitor.BaseMonitor.boot(Unknown Source)
	at org.apache.derby.impl.services.monitor.TopService.bootModule(Unknown Source)
	at org.apache.derby.impl.services.monitor.BaseMonitor.startModule(Unknown Source)
	at org.apache.derby.iapi.services.monitor.Monitor.bootServiceModule(Unknown Source)
	at org.apache.derby.impl.db.BasicDatabase.bootStore(Unknown Source)
	at org.apache.derby.impl.db.BasicDatabase.boot(Unknown Source)
	at org.apache.derby.impl.services.monitor.BaseMonitor.boot(Unknown Source)
	at org.apache.derby.impl.services.monitor.TopService.bootModule(Unknown Source)
	at org.apache.derby.impl.services.monitor.BaseMonitor.bootService(Unknown Source)
	at org.apache.derby.impl.services.monitor.BaseMonitor.startProviderService(Unknown Source)
	at org.apache.derby.impl.services.monitor.BaseMonitor.findProviderAndStartService(Unknown Source)
	at org.apache.derby.impl.services.monitor.BaseMonitor.startPersistentService(Unknown Source)
	at org.apache.derby.iapi.services.monitor.Monitor.startPersistentService(Unknown Source)
	... 24 more
============= end nested exception, level (1) ====

java.sql.SQLException: Another instance of Derby may have already booted the database C:\Users\turkharmini\openbravopos-database.
	at org.apache.derby.impl.jdbc.SQLExceptionFactory.getSQLException(Unknown Source)
	at org.apache.derby.impl.jdbc.SQLExceptionFactory40.wrapArgsForTransportAcrossDRDA(Unknown Source)
	at org.apache.derby.impl.jdbc.SQLExceptionFactory40.getSQLException(Unknown Source)
	at org.apache.derby.impl.jdbc.Util.generateCsSQLException(Unknown Source)
	at org.apache.derby.impl.jdbc.EmbedConnection.bootDatabase(Unknown Source)
	at org.apache.derby.impl.jdbc.EmbedConnection.<init>(Unknown Source)
	at org.apache.derby.impl.jdbc.EmbedConnection30.<init>(Unknown Source)
	at org.apache.derby.impl.jdbc.EmbedConnection40.<init>(Unknown Source)
	at org.apache.derby.jdbc.Driver40.getNewEmbedConnection(Unknown Source)
	at org.apache.derby.jdbc.InternalDriver.connect(Unknown Source)
	at org.apache.derby.jdbc.EmbeddedDriver.connect(Unknown Source)
	at com.openbravo.pos.forms.DriverWrapper.connect(DriverWrapper.java:43)
	at java.sql.DriverManager.getConnection(DriverManager.java:582)
	at java.sql.DriverManager.getConnection(DriverManager.java:185)
	at com.openbravo.data.loader.Session.connect(Session.java:63)
	at com.openbravo.data.loader.Session.<init>(Session.java:52)
	at com.openbravo.pos.forms.AppViewConnection.createSession(AppViewConnection.java:63)
	at com.openbravo.pos.forms.JRootApp.initApp(JRootApp.java:105)
	at com.openbravo.pos.forms.JRootFrame.initFrame(JRootFrame.java:55)
	at com.openbravo.pos.forms.StartPOS$1.run(StartPOS.java:107)
	at java.awt.event.InvocationEvent.dispatch(InvocationEvent.java:209)
	at java.awt.EventQueue.dispatchEvent(EventQueue.java:597)
	at java.awt.EventDispatchThread.pumpOneEventForFilters(EventDispatchThread.java:273)
	at java.awt.EventDispatchThread.pumpEventsForFilter(EventDispatchThread.java:183)
	at java.awt.EventDispatchThread.pumpEventsForHierarchy(EventDispatchThread.java:173)
	at java.awt.EventDispatchThread.pumpEvents(EventDispatchThread.java:168)
	at java.awt.EventDispatchThread.pumpEvents(EventDispatchThread.java:160)
	at java.awt.EventDispatchThread.run(EventDispatchThread.java:121)
Caused by: ERROR XSDB6: Another instance of Derby may have already booted the database C:\Users\turkharmini\openbravopos-database.
	at org.apache.derby.iapi.error.StandardException.newException(Unknown Source)
	at org.apache.derby.impl.store.raw.data.BaseDataFileFactory.privGetJBMSLockOnDB(Unknown Source)
	at org.apache.derby.impl.store.raw.data.BaseDataFileFactory.run(Unknown Source)
	at java.security.AccessController.doPrivileged(Native Method)
	at org.apache.derby.impl.store.raw.data.BaseDataFileFactory.getJBMSLockOnDB(Unknown Source)
	at org.apache.derby.impl.store.raw.data.BaseDataFileFactory.boot(Unknown Source)
	at org.apache.derby.impl.services.monitor.BaseMonitor.boot(Unknown Source)
	at org.apache.derby.impl.services.monitor.TopService.bootModule(Unknown Source)
	at org.apache.derby.impl.services.monitor.BaseMonitor.startModule(Unknown Source)
	at org.apache.derby.iapi.services.monitor.Monitor.bootServiceModule(Unknown Source)
	at org.apache.derby.impl.store.raw.RawStore.boot(Unknown Source)
	at org.apache.derby.impl.services.monitor.BaseMonitor.boot(Unknown Source)
	at org.apache.derby.impl.services.monitor.TopService.bootModule(Unknown Source)
	at org.apache.derby.impl.services.monitor.BaseMonitor.startModule(Unknown Source)
	at org.apache.derby.iapi.services.monitor.Monitor.bootServiceModule(Unknown Source)
	at org.apache.derby.impl.store.access.RAMAccessManager.boot(Unknown Source)
	at org.apache.derby.impl.services.monitor.BaseMonitor.boot(Unknown Source)
	at org.apache.derby.impl.services.monitor.TopService.bootModule(Unknown Source)
	at org.apache.derby.impl.services.monitor.BaseMonitor.startModule(Unknown Source)
	at org.apache.derby.iapi.services.monitor.Monitor.bootServiceModule(Unknown Source)
	at org.apache.derby.impl.db.BasicDatabase.bootStore(Unknown Source)
	at org.apache.derby.impl.db.BasicDatabase.boot(Unknown Source)
	at org.apache.derby.impl.services.monitor.BaseMonitor.bootService(Unknown Source)
	at com.openbravo.pos.forms.StartPOS$1.run(StartPOS.java:107)
	at java.awt.event.InvocationEvent.dispatch(InvocationEvent.java:209)
	at java.awt.EventQueue.dispatchEvent(EventQueue.java:597)
	at java.awt.EventDispatchThread.pumpOneEventForFilters(EventDispatchThread.java:273)
	at java.awt.EventDispatchThread.pumpEventsForFilter(EventDispatchThread.java:183)
	at java.awt.EventDispatchThread.pumpEventsForHierarchy(EventDispatchThread.java:173)
	at java.awt.EventDispatchThread.pumpEvents(EventDispatchThread.java:168)
	at java.awt.EventDispatchThread.pumpEvents(EventDispatchThread.java:160)
	at java.awt.EventDispatchThread.run(EventDispatchThread.java:121)
============= end nested exception, level (3) ====

